<?xml version="1.0" encoding="UTF-8"?>
<!-- Generated by org.testng.reporters.JUnitXMLReporter -->
<testsuite hostname="Sweetie-Win10" ignored="1" name="Set 1" tests="6" failures="0" timestamp="09 Apr 2017 02:44:16 GMT" time="0.11" errors="0">
  <testcase name="TestMethod1" time="0.011" classname="testNG.Annotations_1"/>
  <testcase name="TestMethod2" time="0.008" classname="testNG.Annotations_1"/>
  <testcase name="TestMethod3" time="0.006" classname="testNG.Annotations_1"/>
  <testcase name="TestMethod5" time="0.017" classname="testNG.DependencyAnnotations"/>
  <testcase name="TestMethod4" time="0.003" classname="testNG.DependencyAnnotations"/>
  <testcase name="TestMethod6" time="0.002" classname="testNG.DependencyAnnotations"/>
  <testcase name="TestMethod7" time="0.0" classname="testNG.DependencyAnnotations">
    <ignored/>
  </testcase> <!-- TestMethod7 -->
</testsuite> <!-- Set 1 -->
