<?xml version="1.0" encoding="UTF-8"?>
<testng-results skipped="0" failed="0" total="3" passed="3">
  <reporter-output>
  </reporter-output>
  <suite name="Framework.AppTest" duration-ms="62" started-at="2017-04-11T03:52:06Z" finished-at="2017-04-11T03:52:06Z">
    <groups>
    </groups>
    <test name="Command line test" duration-ms="62" started-at="2017-04-11T03:52:06Z" finished-at="2017-04-11T03:52:06Z">
      <class name="Framework.AppTest">
        <test-method status="PASS" signature="Before_Suite()[pri:0, instance:Framework.AppTest@5594a1b5]" name="Before_Suite" is-config="true" duration-ms="24" started-at="2017-04-10T23:52:06Z" finished-at="2017-04-10T23:52:06Z">
          <reporter-output>
          </reporter-output>
        </test-method> <!-- Before_Suite -->
        <test-method status="PASS" signature="Before_Test()[pri:0, instance:Framework.AppTest@5594a1b5]" name="Before_Test" is-config="true" duration-ms="1" started-at="2017-04-10T23:52:06Z" finished-at="2017-04-10T23:52:06Z">
          <reporter-output>
          </reporter-output>
        </test-method> <!-- Before_Test -->
        <test-method status="PASS" signature="Before_Method()[pri:0, instance:Framework.AppTest@5594a1b5]" name="Before_Method" is-config="true" duration-ms="1" started-at="2017-04-10T23:52:06Z" finished-at="2017-04-10T23:52:06Z">
          <reporter-output>
          </reporter-output>
        </test-method> <!-- Before_Method -->
        <test-method status="PASS" signature="TestMethod1()[pri:0, instance:Framework.AppTest@5594a1b5]" name="TestMethod1" duration-ms="3" started-at="2017-04-10T23:52:06Z" finished-at="2017-04-10T23:52:06Z">
          <reporter-output>
          </reporter-output>
        </test-method> <!-- TestMethod1 -->
        <test-method status="PASS" signature="After_Method()[pri:0, instance:Framework.AppTest@5594a1b5]" name="After_Method" is-config="true" duration-ms="1" started-at="2017-04-10T23:52:06Z" finished-at="2017-04-10T23:52:06Z">
          <reporter-output>
          </reporter-output>
        </test-method> <!-- After_Method -->
        <test-method status="PASS" signature="TestMethod2()[pri:0, instance:Framework.AppTest@5594a1b5]" name="TestMethod2" duration-ms="1" started-at="2017-04-10T23:52:06Z" finished-at="2017-04-10T23:52:06Z">
          <reporter-output>
          </reporter-output>
        </test-method> <!-- TestMethod2 -->
        <test-method status="PASS" signature="Before_Method()[pri:0, instance:Framework.AppTest@5594a1b5]" name="Before_Method" is-config="true" duration-ms="0" started-at="2017-04-10T23:52:06Z" finished-at="2017-04-10T23:52:06Z">
          <reporter-output>
          </reporter-output>
        </test-method> <!-- Before_Method -->
        <test-method status="PASS" signature="After_Method()[pri:0, instance:Framework.AppTest@5594a1b5]" name="After_Method" is-config="true" duration-ms="1" started-at="2017-04-10T23:52:06Z" finished-at="2017-04-10T23:52:06Z">
          <reporter-output>
          </reporter-output>
        </test-method> <!-- After_Method -->
        <test-method status="PASS" signature="TestMethod3()[pri:0, instance:Framework.AppTest@5594a1b5]" name="TestMethod3" duration-ms="8" started-at="2017-04-10T23:52:06Z" finished-at="2017-04-10T23:52:06Z">
          <reporter-output>
          </reporter-output>
        </test-method> <!-- TestMethod3 -->
        <test-method status="PASS" signature="Before_Method()[pri:0, instance:Framework.AppTest@5594a1b5]" name="Before_Method" is-config="true" duration-ms="0" started-at="2017-04-10T23:52:06Z" finished-at="2017-04-10T23:52:06Z">
          <reporter-output>
          </reporter-output>
        </test-method> <!-- Before_Method -->
        <test-method status="PASS" signature="After_Method()[pri:0, instance:Framework.AppTest@5594a1b5]" name="After_Method" is-config="true" duration-ms="0" started-at="2017-04-10T23:52:06Z" finished-at="2017-04-10T23:52:06Z">
          <reporter-output>
          </reporter-output>
        </test-method> <!-- After_Method -->
        <test-method status="PASS" signature="After_Test()[pri:0, instance:Framework.AppTest@5594a1b5]" name="After_Test" is-config="true" duration-ms="1" started-at="2017-04-10T23:52:06Z" finished-at="2017-04-10T23:52:06Z">
          <reporter-output>
          </reporter-output>
        </test-method> <!-- After_Test -->
      </class> <!-- Framework.AppTest -->
    </test> <!-- Command line test -->
  </suite> <!-- Framework.AppTest -->
</testng-results>
