<?xml version="1.0" encoding="UTF-8"?>
<testng-results skipped="0" failed="0" ignored="0" total="1" passed="1">
  <reporter-output>
  </reporter-output>
  <suite name="Default suite" duration-ms="18838" started-at="2017-04-11T23:14:46Z" finished-at="2017-04-11T23:15:05Z">
    <groups>
    </groups>
    <test name="Default test" duration-ms="18838" started-at="2017-04-11T23:14:46Z" finished-at="2017-04-11T23:15:05Z">
      <class name="testDropdown">
        <test-method status="PASS" signature="validateDropDowns()[pri:0, instance:testDropdown@2a5ca609]" name="validateDropDowns" duration-ms="18793" started-at="2017-04-11T19:14:46Z" finished-at="2017-04-11T19:15:05Z">
          <reporter-output>
          </reporter-output>
        </test-method> <!-- validateDropDowns -->
      </class> <!-- testDropdown -->
    </test> <!-- Default test -->
  </suite> <!-- Default suite -->
</testng-results>
