<?xml version="1.0" encoding="UTF-8"?>
<!-- Generated by org.testng.reporters.JUnitXMLReporter -->
<testsuite hostname="Sweetie-Win10" ignored="2" name="Set 1" tests="16" failures="0" timestamp="10 Apr 2017 22:55:02 GMT" time="8.099" errors="0">
  <testcase name="TestMethod1" time="0.0" classname="testNG.Annotations_1"/>
  <testcase name="TestMethod2" time="0.0" classname="testNG.Annotations_1"/>
  <testcase name="TestMethod3" time="0.0" classname="testNG.Annotations_1"/>
  <testcase name="TestMethod5" time="0.011" classname="testNG.DependencyAnnotations"/>
  <testcase name="Login" time="5.003" classname="testNG.Test1"/>
  <testcase name="TestMethod10" time="0.0" classname="testNG.Annotations_2"/>
  <testcase name="TestMethod11" time="0.0" classname="testNG.Annotations_2"/>
  <testcase name="TestMethod8" time="0.0" classname="testNG.Annotations_2"/>
  <testcase name="TestMethod9" time="0.0" classname="testNG.Annotations_2"/>
  <testcase name="TestMethod4" time="0.0" classname="testNG.DependencyAnnotations"/>
  <testcase name="MyTest" time="3.043" classname="testNG.Test2"/>
  <testcase name="displayStudentProfile" time="0.0" classname="testNG.DataDrivenTest_1"/>
  <testcase name="displayStudentProfile" time="0.0" classname="testNG.DataDrivenTest_1"/>
  <testcase name="displayStudentProfile" time="0.0" classname="testNG.DataDrivenTest_1"/>
  <testcase name="TestMethod6" time="0.0" classname="testNG.DependencyAnnotations"/>
  <testcase name="Login" time="0.001" classname="testNG.Global_Parameters"/>
  <testcase name="displayStudentProfile" time="0.0" classname="testNG.DataDrivenTest_2">
    <ignored/>
  </testcase> <!-- displayStudentProfile -->
  <testcase name="TestMethod7" time="0.0" classname="testNG.DependencyAnnotations">
    <ignored/>
  </testcase> <!-- TestMethod7 -->
</testsuite> <!-- Set 1 -->
