<?xml version="1.0" encoding="UTF-8"?>
<!-- Generated by org.testng.reporters.JUnitXMLReporter -->
<testsuite hostname="Sweetie-Win10" ignored="2" name="Set 3" tests="2" failures="0" timestamp="09 Apr 2017 09:54:54 GMT" time="0.073" errors="0">
  <testcase name="TestMethod10" time="0.024" classname="testNG.Annotations_2"/>
  <testcase name="TestMethod11" time="0.009" classname="testNG.Annotations_2"/>
  <testcase name="TestMethod8" time="0.0" classname="testNG.Annotations_2">
    <ignored/>
  </testcase> <!-- TestMethod8 -->
  <testcase name="TestMethod9" time="0.0" classname="testNG.Annotations_2">
    <ignored/>
  </testcase> <!-- TestMethod9 -->
</testsuite> <!-- Set 3 -->
