<?xml version="1.0" encoding="UTF-8"?>
<!-- Generated by org.testng.reporters.JUnitXMLReporter -->
<testsuite hostname="Sweetie-Win10" ignored="7" name="Set 2" tests="4" failures="0" timestamp="09 Apr 2017 09:46:04 GMT" time="0.103" errors="0">
  <testcase name="TestMethod10" time="0.017" classname="testNG.Annotations_2"/>
  <testcase name="TestMethod11" time="0.011" classname="testNG.Annotations_2"/>
  <testcase name="TestMethod8" time="0.004" classname="testNG.Annotations_2"/>
  <testcase name="TestMethod9" time="0.01" classname="testNG.Annotations_2"/>
  <testcase name="TestMethod4" time="0.0" classname="testNG.DependencyAnnotations">
    <ignored/>
  </testcase> <!-- TestMethod4 -->
  <testcase name="TestMethod2" time="0.0" classname="testNG.Annotations_1">
    <ignored/>
  </testcase> <!-- TestMethod2 -->
  <testcase name="TestMethod1" time="0.0" classname="testNG.Annotations_1">
    <ignored/>
  </testcase> <!-- TestMethod1 -->
  <testcase name="TestMethod5" time="0.0" classname="testNG.DependencyAnnotations">
    <ignored/>
  </testcase> <!-- TestMethod5 -->
  <testcase name="TestMethod6" time="0.0" classname="testNG.DependencyAnnotations">
    <ignored/>
  </testcase> <!-- TestMethod6 -->
  <testcase name="TestMethod3" time="0.0" classname="testNG.Annotations_1">
    <ignored/>
  </testcase> <!-- TestMethod3 -->
  <testcase name="TestMethod7" time="0.0" classname="testNG.DependencyAnnotations">
    <ignored/>
  </testcase> <!-- TestMethod7 -->
</testsuite> <!-- Set 2 -->
