<?xml version="1.0" encoding="UTF-8"?>
<!-- Generated by org.testng.reporters.JUnitXMLReporter -->
<testsuite hostname="Sweetie-Win10" ignored="1" name="Default test" tests="1" failures="0" timestamp="16 May 2017 22:53:22 GMT" time="86.046" errors="0">
  <testcase name="testSearchBoxFunctionality" time="85.954" classname="testcases.DataDriven_POI"/>
  <testcase name="testTrackOrdersFunctionality" time="0.0" classname="testcases.DataDriven_POI">
    <ignored/>
  </testcase> <!-- testTrackOrdersFunctionality -->
</testsuite> <!-- Default test -->
