<?xml version="1.0" encoding="UTF-8"?>
<testng-results skipped="0" failed="0" ignored="1" total="2" passed="1">
  <reporter-output>
  </reporter-output>
  <suite name="Default suite" duration-ms="86046" started-at="2017-05-16T22:51:56Z" finished-at="2017-05-16T22:53:22Z">
    <groups>
    </groups>
    <test name="Default test" duration-ms="86046" started-at="2017-05-16T22:51:56Z" finished-at="2017-05-16T22:53:22Z">
      <class name="testcases.DataDriven_POI">
        <test-method status="PASS" signature="testSearchBoxFunctionality()[pri:0, instance:testcases.DataDriven_POI@523884b2]" name="testSearchBoxFunctionality" duration-ms="85954" started-at="2017-05-16T18:51:56Z" finished-at="2017-05-16T18:53:22Z">
          <reporter-output>
          </reporter-output>
        </test-method> <!-- testSearchBoxFunctionality -->
      </class> <!-- testcases.DataDriven_POI -->
    </test> <!-- Default test -->
  </suite> <!-- Default suite -->
</testng-results>
